[0m15:50:29.193533 [debug] [MainThread]: Sending event: {'category': 'dbt', 'action': 'invocation', 'label': 'start', 'context': [<snowplow_tracker.self_describing_json.SelfDescribingJson object at 0x0000019FA1430EF0>, <snowplow_tracker.self_describing_json.SelfDescribingJson object at 0x0000019FA1430E60>, <snowplow_tracker.self_describing_json.SelfDescribingJson object at 0x0000019FA1430D10>]}


============================== 15:50:29.199256 | 4da14124-e4e5-4a4c-b9c8-8d6718744e9f ==============================
[0m15:50:29.199256 [info ] [MainThread]: Running with dbt=1.7.10
[0m15:50:29.201267 [debug] [MainThread]: running dbt with arguments {'printer_width': '80', 'indirect_selection': 'eager', 'write_json': 'True', 'log_cache_events': 'False', 'partial_parse': 'True', 'cache_selected_only': 'False', 'warn_error': 'None', 'fail_fast': 'False', 'version_check': 'True', 'log_path': 'logs', 'profiles_dir': 'C:\\Users\\ravin\\.dbt', 'debug': 'False', 'use_colors': 'True', 'use_experimental_parser': 'False', 'no_print': 'None', 'quiet': 'False', 'warn_error_options': 'WarnErrorOptions(include=[], exclude=[])', 'invocation_command': 'dbt init', 'log_format': 'default', 'introspect': 'True', 'target_path': 'None', 'static_parser': 'True', 'send_anonymous_usage_stats': 'True'}
[0m15:51:24.143350 [debug] [MainThread]: Starter project path: C:\Users\ravin\PycharmProjects\snowflake_dbt_integration\.venv\Lib\site-packages\dbt\include\starter_project
[0m15:51:24.160068 [info ] [MainThread]: 
Your new dbt project "snowflake_dbt_integration" was created!

For more information on how to configure the profiles.yml file,
please consult the dbt documentation here:

  https://docs.getdbt.com/docs/configure-your-profile

One more thing:

Need help? Don't hesitate to reach out to us via GitHub issues or on Slack:

  https://community.getdbt.com/

Happy modeling!

[0m15:51:24.161065 [info ] [MainThread]: Setting up your profile.
[0m15:52:49.562023 [info ] [MainThread]: Profile snowflake_dbt_integration written to C:\Users\ravin\.dbt\profiles.yml using target's profile_template.yml and your supplied values. Run 'dbt debug' to validate the connection.
[0m15:52:49.564047 [debug] [MainThread]: Command `dbt init` succeeded at 15:52:49.564047 after 140.57 seconds
[0m15:52:49.565046 [debug] [MainThread]: Sending event: {'category': 'dbt', 'action': 'invocation', 'label': 'end', 'context': [<snowplow_tracker.self_describing_json.SelfDescribingJson object at 0x0000019FA20073B0>, <snowplow_tracker.self_describing_json.SelfDescribingJson object at 0x0000019FA1553050>, <snowplow_tracker.self_describing_json.SelfDescribingJson object at 0x0000019FA12748F0>]}
[0m15:52:49.565046 [debug] [MainThread]: Flushing usage events
[0m15:53:09.402693 [debug] [MainThread]: Sending event: {'category': 'dbt', 'action': 'invocation', 'label': 'start', 'context': [<snowplow_tracker.self_describing_json.SelfDescribingJson object at 0x000001DFD14558E0>, <snowplow_tracker.self_describing_json.SelfDescribingJson object at 0x000001DFD1455AF0>, <snowplow_tracker.self_describing_json.SelfDescribingJson object at 0x000001DFD1455850>]}


============================== 15:53:09.408301 | 1d0992bb-7480-4336-9545-718dd53b175c ==============================
[0m15:53:09.408301 [info ] [MainThread]: Running with dbt=1.7.10
[0m15:53:09.410283 [debug] [MainThread]: running dbt with arguments {'printer_width': '80', 'indirect_selection': 'eager', 'log_cache_events': 'False', 'write_json': 'True', 'partial_parse': 'True', 'cache_selected_only': 'False', 'warn_error': 'None', 'version_check': 'True', 'debug': 'False', 'log_path': 'logs', 'profiles_dir': 'C:\\Users\\ravin\\.dbt', 'fail_fast': 'False', 'use_colors': 'True', 'use_experimental_parser': 'False', 'no_print': 'None', 'quiet': 'False', 'warn_error_options': 'WarnErrorOptions(include=[], exclude=[])', 'introspect': 'True', 'static_parser': 'True', 'log_format': 'default', 'target_path': 'None', 'invocation_command': 'dbt debug', 'send_anonymous_usage_stats': 'True'}
[0m15:53:09.411283 [info ] [MainThread]: dbt version: 1.7.10
[0m15:53:09.412303 [info ] [MainThread]: python version: 3.12.0
[0m15:53:09.413262 [info ] [MainThread]: python path: C:\Users\ravin\PycharmProjects\snowflake_dbt_integration\.venv\Scripts\python.exe
[0m15:53:09.413262 [info ] [MainThread]: os info: Windows-11-10.0.22621-SP0
[0m15:53:09.419829 [info ] [MainThread]: Error importing adapter: No module named 'dbt.adapters.duckdb'
[0m15:53:09.882994 [info ] [MainThread]: Using profiles dir at C:\Users\ravin\.dbt
[0m15:53:09.884016 [info ] [MainThread]: Using profiles.yml file at C:\Users\ravin\.dbt\profiles.yml
[0m15:53:09.885009 [info ] [MainThread]: Using dbt_project.yml file at C:\Users\ravin\PycharmProjects\snowflake_dbt_integration\dbt_project.yml
[0m15:53:09.885999 [info ] [MainThread]: Configuration:
[0m15:53:09.885999 [info ] [MainThread]:   profiles.yml file [[31mERROR invalid[0m]
[0m15:53:09.887008 [info ] [MainThread]:   dbt_project.yml file [[31mERROR not found[0m]
[0m15:53:09.888246 [info ] [MainThread]: Required dependencies:
[0m15:53:09.890242 [debug] [MainThread]: Executing "git --help"
[0m15:53:10.025024 [debug] [MainThread]: STDOUT: "b"usage: git [-v | --version] [-h | --help] [-C <path>] [-c <name>=<value>]\n           [--exec-path[=<path>]] [--html-path] [--man-path] [--info-path]\n           [-p | --paginate | -P | --no-pager] [--no-replace-objects] [--bare]\n           [--git-dir=<path>] [--work-tree=<path>] [--namespace=<name>]\n           [--config-env=<name>=<envvar>] <command> [<args>]\n\nThese are common Git commands used in various situations:\n\nstart a working area (see also: git help tutorial)\n   clone     Clone a repository into a new directory\n   init      Create an empty Git repository or reinitialize an existing one\n\nwork on the current change (see also: git help everyday)\n   add       Add file contents to the index\n   mv        Move or rename a file, a directory, or a symlink\n   restore   Restore working tree files\n   rm        Remove files from the working tree and from the index\n\nexamine the history and state (see also: git help revisions)\n   bisect    Use binary search to find the commit that introduced a bug\n   diff      Show changes between commits, commit and working tree, etc\n   grep      Print lines matching a pattern\n   log       Show commit logs\n   show      Show various types of objects\n   status    Show the working tree status\n\ngrow, mark and tweak your common history\n   branch    List, create, or delete branches\n   commit    Record changes to the repository\n   merge     Join two or more development histories together\n   rebase    Reapply commits on top of another base tip\n   reset     Reset current HEAD to the specified state\n   switch    Switch branches\n   tag       Create, list, delete or verify a tag object signed with GPG\n\ncollaborate (see also: git help workflows)\n   fetch     Download objects and refs from another repository\n   pull      Fetch from and integrate with another repository or a local branch\n   push      Update remote refs along with associated objects\n\n'git help -a' and 'git help -g' list available subcommands and some\nconcept guides. See 'git help <command>' or 'git help <concept>'\nto read about a specific subcommand or concept.\nSee 'git help git' for an overview of the system.\n""
[0m15:53:10.026022 [debug] [MainThread]: STDERR: "b''"
[0m15:53:10.027023 [info ] [MainThread]:  - git [[32mOK found[0m]

[0m15:53:10.028260 [info ] [MainThread]: Connection test skipped since no profile was found
[0m15:53:10.029256 [info ] [MainThread]: [31m2 checks failed:[0m
[0m15:53:10.030265 [info ] [MainThread]: Could not load dbt_project.yml
Profile loading failed for the following reason:
Runtime Error
  Credentials in profile "dbtFinance", target "dev" invalid: Runtime Error
    Could not find adapter type duckdb!


[0m15:53:10.031267 [info ] [MainThread]: Project loading failed for the following reason:
 project path <C:\Users\ravin\PycharmProjects\snowflake_dbt_integration\dbt_project.yml> not found

[0m15:53:10.033258 [debug] [MainThread]: Command `dbt debug` failed at 15:53:10.033258 after 0.80 seconds
[0m15:53:10.034259 [debug] [MainThread]: Sending event: {'category': 'dbt', 'action': 'invocation', 'label': 'end', 'context': [<snowplow_tracker.self_describing_json.SelfDescribingJson object at 0x000001DFD12D4470>, <snowplow_tracker.self_describing_json.SelfDescribingJson object at 0x000001DFD0834BC0>, <snowplow_tracker.self_describing_json.SelfDescribingJson object at 0x000001DFD12F56A0>]}
[0m15:53:10.035257 [debug] [MainThread]: Flushing usage events
[0m15:54:39.381690 [debug] [MainThread]: Sending event: {'category': 'dbt', 'action': 'invocation', 'label': 'start', 'context': [<snowplow_tracker.self_describing_json.SelfDescribingJson object at 0x00000261660B0D40>, <snowplow_tracker.self_describing_json.SelfDescribingJson object at 0x00000261660B1460>, <snowplow_tracker.self_describing_json.SelfDescribingJson object at 0x00000261660B38F0>]}


============================== 15:54:39.386696 | c85cec23-e2bc-40fd-9e7f-bd89f53d19c6 ==============================
[0m15:54:39.386696 [info ] [MainThread]: Running with dbt=1.7.10
[0m15:54:39.389069 [debug] [MainThread]: running dbt with arguments {'printer_width': '80', 'indirect_selection': 'eager', 'write_json': 'True', 'log_cache_events': 'False', 'partial_parse': 'True', 'cache_selected_only': 'False', 'profiles_dir': 'C:\\Users\\ravin\\.dbt', 'version_check': 'True', 'debug': 'False', 'log_path': 'logs', 'fail_fast': 'False', 'warn_error': 'None', 'use_colors': 'True', 'use_experimental_parser': 'False', 'no_print': 'None', 'quiet': 'False', 'log_format': 'default', 'introspect': 'True', 'static_parser': 'True', 'warn_error_options': 'WarnErrorOptions(include=[], exclude=[])', 'target_path': 'None', 'invocation_command': 'dbt debug', 'send_anonymous_usage_stats': 'True'}
[0m15:54:39.390070 [info ] [MainThread]: dbt version: 1.7.10
[0m15:54:39.391070 [info ] [MainThread]: python version: 3.12.0
[0m15:54:39.392069 [info ] [MainThread]: python path: C:\Users\ravin\PycharmProjects\snowflake_dbt_integration\.venv\Scripts\python.exe
[0m15:54:39.393071 [info ] [MainThread]: os info: Windows-11-10.0.22621-SP0
[0m15:54:39.826888 [info ] [MainThread]: Using profiles dir at C:\Users\ravin\.dbt
[0m15:54:39.828904 [info ] [MainThread]: Using profiles.yml file at C:\Users\ravin\.dbt\profiles.yml
[0m15:54:39.829900 [info ] [MainThread]: Using dbt_project.yml file at C:\Users\ravin\PycharmProjects\snowflake_dbt_integration\dbt_project.yml
[0m15:54:39.830905 [info ] [MainThread]: adapter type: snowflake
[0m15:54:39.831906 [info ] [MainThread]: adapter version: 1.7.2
[0m15:54:39.832905 [info ] [MainThread]: Configuration:
[0m15:54:39.833906 [info ] [MainThread]:   profiles.yml file [[32mOK found and valid[0m]
[0m15:54:39.834898 [info ] [MainThread]:   dbt_project.yml file [[31mERROR not found[0m]
[0m15:54:39.835904 [info ] [MainThread]: Required dependencies:
[0m15:54:39.836907 [debug] [MainThread]: Executing "git --help"
[0m15:54:39.912344 [debug] [MainThread]: STDOUT: "b"usage: git [-v | --version] [-h | --help] [-C <path>] [-c <name>=<value>]\n           [--exec-path[=<path>]] [--html-path] [--man-path] [--info-path]\n           [-p | --paginate | -P | --no-pager] [--no-replace-objects] [--bare]\n           [--git-dir=<path>] [--work-tree=<path>] [--namespace=<name>]\n           [--config-env=<name>=<envvar>] <command> [<args>]\n\nThese are common Git commands used in various situations:\n\nstart a working area (see also: git help tutorial)\n   clone     Clone a repository into a new directory\n   init      Create an empty Git repository or reinitialize an existing one\n\nwork on the current change (see also: git help everyday)\n   add       Add file contents to the index\n   mv        Move or rename a file, a directory, or a symlink\n   restore   Restore working tree files\n   rm        Remove files from the working tree and from the index\n\nexamine the history and state (see also: git help revisions)\n   bisect    Use binary search to find the commit that introduced a bug\n   diff      Show changes between commits, commit and working tree, etc\n   grep      Print lines matching a pattern\n   log       Show commit logs\n   show      Show various types of objects\n   status    Show the working tree status\n\ngrow, mark and tweak your common history\n   branch    List, create, or delete branches\n   commit    Record changes to the repository\n   merge     Join two or more development histories together\n   rebase    Reapply commits on top of another base tip\n   reset     Reset current HEAD to the specified state\n   switch    Switch branches\n   tag       Create, list, delete or verify a tag object signed with GPG\n\ncollaborate (see also: git help workflows)\n   fetch     Download objects and refs from another repository\n   pull      Fetch from and integrate with another repository or a local branch\n   push      Update remote refs along with associated objects\n\n'git help -a' and 'git help -g' list available subcommands and some\nconcept guides. See 'git help <command>' or 'git help <concept>'\nto read about a specific subcommand or concept.\nSee 'git help git' for an overview of the system.\n""
[0m15:54:39.913348 [debug] [MainThread]: STDERR: "b''"
[0m15:54:39.914349 [info ] [MainThread]:  - git [[32mOK found[0m]

[0m15:54:39.915343 [info ] [MainThread]: Connection:
[0m15:54:39.915343 [info ] [MainThread]:   account: wutqtbq-le08587
[0m15:54:39.916865 [info ] [MainThread]:   user: suren
[0m15:54:39.917881 [info ] [MainThread]:   database: DBT_TEST
[0m15:54:39.918876 [info ] [MainThread]:   warehouse: DBT_TEST
[0m15:54:39.919886 [info ] [MainThread]:   role: ACCOUNTADMIN
[0m15:54:39.920878 [info ] [MainThread]:   schema: dbo
[0m15:54:39.921883 [info ] [MainThread]:   authenticator: None
[0m15:54:39.921883 [info ] [MainThread]:   private_key_path: None
[0m15:54:39.922885 [info ] [MainThread]:   oauth_client_id: None
[0m15:54:39.923881 [info ] [MainThread]:   query_tag: None
[0m15:54:39.924877 [info ] [MainThread]:   client_session_keep_alive: False
[0m15:54:39.925881 [info ] [MainThread]:   host: None
[0m15:54:39.926879 [info ] [MainThread]:   port: None
[0m15:54:39.926879 [info ] [MainThread]:   proxy_host: None
[0m15:54:39.928240 [info ] [MainThread]:   proxy_port: None
[0m15:54:39.929243 [info ] [MainThread]:   protocol: None
[0m15:54:39.930247 [info ] [MainThread]:   connect_retries: 1
[0m15:54:39.931240 [info ] [MainThread]:   connect_timeout: None
[0m15:54:39.932244 [info ] [MainThread]:   retry_on_database_errors: False
[0m15:54:39.933244 [info ] [MainThread]:   retry_all: False
[0m15:54:39.934241 [info ] [MainThread]:   insecure_mode: False
[0m15:54:39.935241 [info ] [MainThread]:   reuse_connections: None
[0m15:54:39.935241 [info ] [MainThread]: Registered adapter: snowflake=1.7.2
[0m15:54:39.937772 [debug] [MainThread]: Acquiring new snowflake connection 'debug'
[0m15:54:39.939769 [debug] [MainThread]: Using snowflake connection "debug"
[0m15:54:39.939769 [debug] [MainThread]: On debug: select 1 as id
[0m15:54:39.941369 [debug] [MainThread]: Opening a new connection, currently in state init
[0m15:54:41.649983 [debug] [MainThread]: SQL status: SUCCESS 1 in 2.0 seconds
[0m15:54:41.650984 [debug] [MainThread]: On debug: Close
[0m15:54:41.794924 [info ] [MainThread]:   Connection test: [[32mOK connection ok[0m]

[0m15:54:41.795922 [info ] [MainThread]: [31m1 check failed:[0m
[0m15:54:41.796917 [info ] [MainThread]: Project loading failed for the following reason:
 project path <C:\Users\ravin\PycharmProjects\snowflake_dbt_integration\dbt_project.yml> not found

[0m15:54:41.799137 [debug] [MainThread]: Command `dbt debug` failed at 15:54:41.799137 after 2.58 seconds
[0m15:54:41.800137 [debug] [MainThread]: Connection 'debug' was properly closed.
[0m15:54:41.801136 [debug] [MainThread]: Sending event: {'category': 'dbt', 'action': 'invocation', 'label': 'end', 'context': [<snowplow_tracker.self_describing_json.SelfDescribingJson object at 0x0000026165AFEA80>, <snowplow_tracker.self_describing_json.SelfDescribingJson object at 0x0000026166C2E540>, <snowplow_tracker.self_describing_json.SelfDescribingJson object at 0x0000026165FCACC0>]}
[0m15:54:41.802142 [debug] [MainThread]: Flushing usage events
